<?xml version="1.0" encoding="UTF-8"?>
<Site BuildName="Darwin-clang++"
	BuildStamp="20240411-1013-Experimental"
	Name="172-072-001-050.res.spectrum.com"
	Generator="ctest-3.28.3"
	CompilerName="/usr/bin/clang++"
	CompilerVersion=""
	OSName="macOS"
	Hostname="MacBook-Air-Egor.local"
	OSRelease="14.0"
	OSVersion="23A344"
	OSPlatform="arm64"
	Is64Bits="1"
	VendorString="IBM"
	VendorID="IBM"
	FamilyID="16777228"
	ModelID="2"
	ProcessorCacheSize="131072"
	NumberOfLogicalCPU="8"
	NumberOfPhysicalCPU="8"
	TotalVirtualMemory="2048"
	TotalPhysicalMemory="16384"
	LogicalProcessorsPerPhysical="8"
	ProcessorClockFrequency="0"
	>
	<Testing>
		<StartDateTime>Apr 11 13:13 MSK</StartDateTime>
		<StartTestTime>1712830432</StartTestTime>
		<TestList/>
		<EndDateTime>Apr 11 13:13 MSK</EndDateTime>
		<EndTestTime>1712830432</EndTestTime>
		<ElapsedMinutes>0</ElapsedMinutes>
	</Testing>
</Site>
