<?xml version="1.0" encoding="UTF-8"?>
<Site BuildName="Darwin-clang++"
	BuildStamp="20240330-1111-Experimental"
	Name="MacBook-Air-Egor.local"
	Generator="ctest-3.28.3"
	CompilerName="/usr/bin/clang++"
	CompilerVersion=""
	OSName="macOS"
	Hostname="MacBook-Air-Egor.local"
	OSRelease="14.0"
	OSVersion="23A344"
	OSPlatform="arm64"
	Is64Bits="1"
	VendorString="IBM"
	VendorID="IBM"
	FamilyID="16777228"
	ModelID="2"
	ProcessorCacheSize="131072"
	NumberOfLogicalCPU="8"
	NumberOfPhysicalCPU="8"
	TotalVirtualMemory="0"
	TotalPhysicalMemory="16384"
	LogicalProcessorsPerPhysical="8"
	ProcessorClockFrequency="0"
	>
	<Testing>
		<StartDateTime>Mar 30 14:11 MSK</StartDateTime>
		<StartTestTime>1711797071</StartTestTime>
		<TestList/>
		<EndDateTime>Mar 30 14:11 MSK</EndDateTime>
		<EndTestTime>1711797071</EndTestTime>
		<ElapsedMinutes>0</ElapsedMinutes>
	</Testing>
</Site>
